<?xml version="1.0" encoding="UTF-8"?>
<!-- Generated by org.testng.reporters.JUnitReportReporter -->
<testsuite skipped="0" hostname="BDC6-DX-9SFP882" name="testmavenwebdriver.TestMeAppReg" tests="1" failures="0" timestamp="23 Apr 2019 02:59:26 GMT" time="3.128" errors="0">
  <testcase name="testReg" time="3.128" classname="testmavenwebdriver.TestMeAppReg"/>
</testsuite> <!-- testmavenwebdriver.TestMeAppReg -->
