<?xml version="1.0" encoding="UTF-8"?>
<!-- Generated by org.testng.reporters.JUnitReportReporter -->
<testsuite skipped="0" hostname="BDC6-DX-9SFP882" name="testmavenwebdriver.TestDragnDrop" tests="1" failures="0" timestamp="19 Apr 2019 06:51:54 GMT" time="2.600" errors="0">
  <testcase name="dragDrop" time="2.600" classname="testmavenwebdriver.TestDragnDrop"/>
</testsuite> <!-- testmavenwebdriver.TestDragnDrop -->
