<?xml version="1.0" encoding="UTF-8"?>
<!-- Generated by org.testng.reporters.JUnitReportReporter -->
<testsuite skipped="0" hostname="BDC6-DX-9SFP882" name="testmavenwebdriver.Firstlogin" tests="1" failures="0" timestamp="17 Apr 2019 06:33:57 GMT" time="13.031" errors="0">
  <testcase name="testwebshop" time="13.031" classname="testmavenwebdriver.Firstlogin"/>
</testsuite> <!-- testmavenwebdriver.Firstlogin -->
