<?xml version="1.0" encoding="UTF-8"?>
<!-- Generated by org.testng.reporters.JUnitReportReporter -->
<testsuite skipped="0" hostname="BDC6-DX-9SFP882" name="testmavenwebdriver.KeyMovement" tests="1" failures="0" timestamp="22 Apr 2019 11:08:33 GMT" time="11.725" errors="0">
  <testcase name="testKey" time="11.725" classname="testmavenwebdriver.KeyMovement"/>
</testsuite> <!-- testmavenwebdriver.KeyMovement -->
