<?xml version="1.0" encoding="UTF-8"?>
<!-- Generated by org.testng.reporters.JUnitReportReporter -->
<testsuite skipped="0" hostname="BDC6-DX-9SFP882" name="testmavenwebdriver.Web_testing_google" tests="1" failures="0" timestamp="17 Apr 2019 04:29:24 GMT" time="18.335" errors="0">
  <testcase name="testGoogle" time="18.335" classname="testmavenwebdriver.Web_testing_google"/>
</testsuite> <!-- testmavenwebdriver.Web_testing_google -->
