<?xml version="1.0" encoding="UTF-8"?>
<!-- Generated by org.testng.reporters.JUnitReportReporter -->
<testsuite skipped="0" hostname="BDC6-DX-9SFP882" name="testmavenwebdriver.TestMeAppSigin" tests="2" failures="0" timestamp="22 Apr 2019 06:52:09 GMT" time="7.735" errors="0">
  <testcase name="testLogin" time="4.699" classname="testmavenwebdriver.TestMeAppSigin"/>
  <testcase name="testLogin" time="3.036" classname="testmavenwebdriver.TestMeAppSigin"/>
</testsuite> <!-- testmavenwebdriver.TestMeAppSigin -->
