<?xml version="1.0" encoding="UTF-8"?>
<!-- Generated by org.testng.reporters.JUnitReportReporter -->
<testsuite skipped="0" hostname="BDC6-DX-9SFP882" name="testmavenwebdriver.TestExcelImport" tests="1" failures="0" timestamp="22 Apr 2019 06:01:59 GMT" time="0.922" errors="0">
  <testcase name="testExcel" time="0.922" classname="testmavenwebdriver.TestExcelImport"/>
</testsuite> <!-- testmavenwebdriver.TestExcelImport -->
