<?xml version="1.0" encoding="UTF-8"?>
<!-- Generated by org.testng.reporters.JUnitReportReporter -->
<testsuite skipped="0" hostname="BDC6-DX-9SFP882" name="testmavenwebdriver.GoogleAutoSearch" tests="1" failures="0" timestamp="19 Apr 2019 07:09:48 GMT" time="8.644" errors="0">
  <testcase name="search" time="8.644" classname="testmavenwebdriver.GoogleAutoSearch"/>
</testsuite> <!-- testmavenwebdriver.GoogleAutoSearch -->
