<?xml version="1.0" encoding="UTF-8"?>
<!-- Generated by org.testng.reporters.JUnitReportReporter -->
<testsuite skipped="0" hostname="BDC6-DX-9SFP882" name="testmavenwebdriver.TesTMeAppMouseHover" tests="1" failures="0" timestamp="23 Apr 2019 05:57:17 GMT" time="8.396" errors="0">
  <testcase name="hoverTest" time="8.396" classname="testmavenwebdriver.TesTMeAppMouseHover"/>
</testsuite> <!-- testmavenwebdriver.TesTMeAppMouseHover -->
